<?xml version="1.0" encoding="UTF-8"?>
<testng-results ignored="0" total="1" passed="1" failed="0" skipped="0">
  <reporter-output>
  </reporter-output>
  <suite started-at="2022-08-23T18:44:36 IST" name="Suite" finished-at="2022-08-23T18:44:38 IST" duration-ms="1481">
    <groups>
    </groups>
    <test started-at="2022-08-23T18:44:36 IST" name="Test" finished-at="2022-08-23T18:44:38 IST" duration-ms="1481">
      <class name="website.demo1.TitleVerify">
        <test-method is-config="true" signature="load()[pri:0, instance:website.demo1.TitleVerify@247d8ae]" started-at="2022-08-23T18:44:36 IST" name="load" finished-at="2022-08-23T18:44:38 IST" duration-ms="1336" status="PASS">
          <reporter-output>
          </reporter-output>
        </test-method> <!-- load -->
        <test-method signature="check()[pri:0, instance:website.demo1.TitleVerify@247d8ae]" started-at="2022-08-23T18:44:38 IST" name="check" finished-at="2022-08-23T18:44:38 IST" duration-ms="130" status="PASS">
          <reporter-output>
          </reporter-output>
        </test-method> <!-- check -->
      </class> <!-- website.demo1.TitleVerify -->
    </test> <!-- Test -->
  </suite> <!-- Suite -->
</testng-results>
